

Version:	3.50
CmdLine:	C:\Users\NEC\Documents\NetBeansProjects\ProductCRUD\dist\INFORMATION SYSTEM.exe --l4j-debug
JNI:		No
WOW64:		Yes
Working dir:	C:\Users\NEC\Documents\NetBeansProjects\ProductCRUD\dist\.
Requires JDK:	No
Requires 64-Bit: No
Java min ver:	1.004.000
Java max ver:	
Substitute:	JAVA_HOME = C:\Program Files\Java\jdk-23\bin
Substitute:	PATH = C:\Program Files\Common Files\Oracle\Java\javapath;C:\Windows\system32;C:\Windows;C:\Windows\System32\Wbem;C:\Windows\System32\WindowsPowerShell\v1.0\;C:\Windows\System32\OpenSSH\;C:\Program Files\Java\jdk-23\bin;C:\xampp\php;C:\Program Files\Git\cmd;C:\Users\NEC\AppData\Local\Microsoft\WindowsApps;C:\Users\NEC\AppData\Local\Programs\Microsoft VS Code\bin;C:\Program Files\Java\jdk-23\bin
JRE paths:	C:\Program Files\Java\jdk-23\bin;C:\Program Files\Common Files\Oracle\Java\javapath;C:\Windows\system32;C:\Windows;C:\Windows\System32\Wbem;C:\Windows\System32\WindowsPowerShell\v1.0\;C:\Windows\System32\OpenSSH\;C:\Program Files\Java\jdk-23\bin;C:\xampp\php;C:\Program Files\Git\cmd;C:\Users\NEC\AppData\Local\Microsoft\WindowsApps;C:\Users\NEC\AppData\Local\Programs\Microsoft VS Code\bin;C:\Program Files\Java\jdk-23\bin
Check launcher:	C:\Program Files\Java\jdk-23\bin\javaw.exe (OK)
Version string: 1.023.000_001 / 64-Bit (OK)
Launcher:	C:\Program Files\Java\jdk-23\bin\javaw.exe
Launcher args:	-jar "C:\Users\NEC\Documents\NetBeansProjects\ProductCRUD\dist\INFORMATION SYSTEM.exe"
Args length:	86/32768 chars
Exit code:	0


Version:	3.50
CmdLine:	C:\Users\NEC\Documents\NetBeansProjects\ProductCRUD\dist\INFORMATION SYSTEM.exe --l4j-debug
JNI:		No
WOW64:		Yes
Working dir:	C:\Users\NEC\Documents\NetBeansProjects\ProductCRUD\dist\.
Requires JDK:	No
Requires 64-Bit: No
Java min ver:	1.004.000
Java max ver:	
Substitute:	JAVA_HOME = C:\Program Files\Java\jdk-23\bin
Substitute:	PATH = C:\Program Files\Common Files\Oracle\Java\javapath;C:\Windows\system32;C:\Windows;C:\Windows\System32\Wbem;C:\Windows\System32\WindowsPowerShell\v1.0\;C:\Windows\System32\OpenSSH\;C:\Program Files\Java\jdk-23\bin;C:\xampp\php;C:\Program Files\Git\cmd;C:\Users\NEC\AppData\Local\Microsoft\WindowsApps;C:\Users\NEC\AppData\Local\Programs\Microsoft VS Code\bin;C:\Program Files\Java\jdk-23\bin
JRE paths:	C:\Program Files\Java\jdk-23\bin;C:\Program Files\Common Files\Oracle\Java\javapath;C:\Windows\system32;C:\Windows;C:\Windows\System32\Wbem;C:\Windows\System32\WindowsPowerShell\v1.0\;C:\Windows\System32\OpenSSH\;C:\Program Files\Java\jdk-23\bin;C:\xampp\php;C:\Program Files\Git\cmd;C:\Users\NEC\AppData\Local\Microsoft\WindowsApps;C:\Users\NEC\AppData\Local\Programs\Microsoft VS Code\bin;C:\Program Files\Java\jdk-23\bin
Check launcher:	C:\Program Files\Java\jdk-23\bin\javaw.exe (OK)
Version string: 1.023.000_001 / 64-Bit (OK)
Launcher:	C:\Program Files\Java\jdk-23\bin\javaw.exe
Launcher args:	-jar "C:\Users\NEC\Documents\NetBeansProjects\ProductCRUD\dist\INFORMATION SYSTEM.exe"
Args length:	86/32768 chars
Exit code:	0


Version:	3.50
CmdLine:	C:\Users\NEC\Documents\NetBeansProjects\ProductCRUD\dist\INFORMATION SYSTEM.exe --l4j-debug
JNI:		No
WOW64:		Yes
Working dir:	C:\Users\NEC\Documents\NetBeansProjects\ProductCRUD\dist\.
Requires JDK:	No
Requires 64-Bit: No
Java min ver:	1.004.000
Java max ver:	
Substitute:	JAVA_HOME = C:\Program Files\Java\jdk-23\bin
Substitute:	PATH = C:\Program Files\Common Files\Oracle\Java\javapath;C:\Windows\system32;C:\Windows;C:\Windows\System32\Wbem;C:\Windows\System32\WindowsPowerShell\v1.0\;C:\Windows\System32\OpenSSH\;C:\Program Files\Java\jdk-23\bin;C:\xampp\php;C:\Program Files\Git\cmd;C:\Users\NEC\AppData\Local\Microsoft\WindowsApps;C:\Users\NEC\AppData\Local\Programs\Microsoft VS Code\bin;C:\Program Files\Java\jdk-23\bin
JRE paths:	C:\Program Files\Java\jdk-23\bin;C:\Program Files\Common Files\Oracle\Java\javapath;C:\Windows\system32;C:\Windows;C:\Windows\System32\Wbem;C:\Windows\System32\WindowsPowerShell\v1.0\;C:\Windows\System32\OpenSSH\;C:\Program Files\Java\jdk-23\bin;C:\xampp\php;C:\Program Files\Git\cmd;C:\Users\NEC\AppData\Local\Microsoft\WindowsApps;C:\Users\NEC\AppData\Local\Programs\Microsoft VS Code\bin;C:\Program Files\Java\jdk-23\bin
Check launcher:	C:\Program Files\Java\jdk-23\bin\javaw.exe (OK)
Version string: 1.023.000_001 / 64-Bit (OK)
Launcher:	C:\Program Files\Java\jdk-23\bin\javaw.exe
Launcher args:	-jar "C:\Users\NEC\Documents\NetBeansProjects\ProductCRUD\dist\INFORMATION SYSTEM.exe"
Args length:	86/32768 chars
Exit code:	0


Version:	3.50
CmdLine:	C:\Users\NEC\Documents\NetBeansProjects\ProductCRUD\dist\INFORMATION SYSTEM.exe --l4j-debug
JNI:		No
WOW64:		Yes
Working dir:	C:\Users\NEC\Documents\NetBeansProjects\ProductCRUD\dist\.
Requires JDK:	No
Requires 64-Bit: No
Java min ver:	1.004.000
Java max ver:	
Substitute:	JAVA_HOME = C:\Program Files\Java\jdk-23\bin
Substitute:	PATH = C:\Program Files\Common Files\Oracle\Java\javapath;C:\Windows\system32;C:\Windows;C:\Windows\System32\Wbem;C:\Windows\System32\WindowsPowerShell\v1.0\;C:\Windows\System32\OpenSSH\;C:\Program Files\Java\jdk-23\bin;C:\xampp\php;C:\Program Files\Git\cmd;C:\Users\NEC\AppData\Local\Microsoft\WindowsApps;C:\Users\NEC\AppData\Local\Programs\Microsoft VS Code\bin;C:\Program Files\Java\jdk-23\bin
JRE paths:	C:\Program Files\Java\jdk-23\bin;C:\Program Files\Common Files\Oracle\Java\javapath;C:\Windows\system32;C:\Windows;C:\Windows\System32\Wbem;C:\Windows\System32\WindowsPowerShell\v1.0\;C:\Windows\System32\OpenSSH\;C:\Program Files\Java\jdk-23\bin;C:\xampp\php;C:\Program Files\Git\cmd;C:\Users\NEC\AppData\Local\Microsoft\WindowsApps;C:\Users\NEC\AppData\Local\Programs\Microsoft VS Code\bin;C:\Program Files\Java\jdk-23\bin
Check launcher:	C:\Program Files\Java\jdk-23\bin\javaw.exe (OK)
Version string: 1.023.000_001 / 64-Bit (OK)
Launcher:	C:\Program Files\Java\jdk-23\bin\javaw.exe
Launcher args:	-jar "C:\Users\NEC\Documents\NetBeansProjects\ProductCRUD\dist\INFORMATION SYSTEM.exe"
Args length:	86/32768 chars
Exit code:	0


Version:	3.50
CmdLine:	C:\Users\NEC\Documents\NetBeansProjects\ProductCRUD\dist\INFORMATION SYSTEM.exe --l4j-debug
JNI:		No
WOW64:		Yes
Working dir:	C:\Users\NEC\Documents\NetBeansProjects\ProductCRUD\dist\.
Requires JDK:	No
Requires 64-Bit: No
Java min ver:	1.004.000
Java max ver:	
Substitute:	JAVA_HOME = C:\Program Files\Java\jdk-23\bin
Substitute:	PATH = C:\Program Files\Common Files\Oracle\Java\javapath;C:\Windows\system32;C:\Windows;C:\Windows\System32\Wbem;C:\Windows\System32\WindowsPowerShell\v1.0\;C:\Windows\System32\OpenSSH\;C:\Program Files\Java\jdk-23\bin;C:\xampp\php;C:\Program Files\Git\cmd;C:\Users\NEC\AppData\Local\Microsoft\WindowsApps;C:\Users\NEC\AppData\Local\Programs\Microsoft VS Code\bin;C:\Program Files\Java\jdk-23\bin
JRE paths:	C:\Program Files\Java\jdk-23\bin;C:\Program Files\Common Files\Oracle\Java\javapath;C:\Windows\system32;C:\Windows;C:\Windows\System32\Wbem;C:\Windows\System32\WindowsPowerShell\v1.0\;C:\Windows\System32\OpenSSH\;C:\Program Files\Java\jdk-23\bin;C:\xampp\php;C:\Program Files\Git\cmd;C:\Users\NEC\AppData\Local\Microsoft\WindowsApps;C:\Users\NEC\AppData\Local\Programs\Microsoft VS Code\bin;C:\Program Files\Java\jdk-23\bin
Check launcher:	C:\Program Files\Java\jdk-23\bin\javaw.exe (OK)
Version string: 1.023.000_001 / 64-Bit (OK)
Launcher:	C:\Program Files\Java\jdk-23\bin\javaw.exe
Launcher args:	-jar "C:\Users\NEC\Documents\NetBeansProjects\ProductCRUD\dist\INFORMATION SYSTEM.exe"
Args length:	86/32768 chars
Exit code:	0


Version:	3.50
CmdLine:	C:\Users\NEC\Documents\NetBeansProjects\ProductCRUD\dist\INFORMATION SYSTEM.exe --l4j-debug
JNI:		No
WOW64:		Yes
Working dir:	C:\Users\NEC\Documents\NetBeansProjects\ProductCRUD\dist\.
Requires JDK:	No
Requires 64-Bit: No
Java min ver:	1.004.000
Java max ver:	
Substitute:	JAVA_HOME = C:\Program Files\Java\jdk-23\bin
Substitute:	PATH = C:\Program Files\Common Files\Oracle\Java\javapath;C:\Windows\system32;C:\Windows;C:\Windows\System32\Wbem;C:\Windows\System32\WindowsPowerShell\v1.0\;C:\Windows\System32\OpenSSH\;C:\Program Files\Java\jdk-23\bin;C:\xampp\php;C:\Program Files\Git\cmd;C:\Users\NEC\AppData\Local\Microsoft\WindowsApps;C:\Users\NEC\AppData\Local\Programs\Microsoft VS Code\bin;C:\Program Files\Java\jdk-23\bin
JRE paths:	C:\Program Files\Java\jdk-23\bin;C:\Program Files\Common Files\Oracle\Java\javapath;C:\Windows\system32;C:\Windows;C:\Windows\System32\Wbem;C:\Windows\System32\WindowsPowerShell\v1.0\;C:\Windows\System32\OpenSSH\;C:\Program Files\Java\jdk-23\bin;C:\xampp\php;C:\Program Files\Git\cmd;C:\Users\NEC\AppData\Local\Microsoft\WindowsApps;C:\Users\NEC\AppData\Local\Programs\Microsoft VS Code\bin;C:\Program Files\Java\jdk-23\bin
Check launcher:	C:\Program Files\Java\jdk-23\bin\javaw.exe (OK)
Version string: 1.023.000_001 / 64-Bit (OK)
Launcher:	C:\Program Files\Java\jdk-23\bin\javaw.exe
Launcher args:	-jar "C:\Users\NEC\Documents\NetBeansProjects\ProductCRUD\dist\INFORMATION SYSTEM.exe"
Args length:	86/32768 chars
Exit code:	0


Version:	3.50
CmdLine:	C:\Users\NEC\Documents\NetBeansProjects\ProductCRUD\dist\INFORMATION SYSTEM.exe --l4j-debug
JNI:		No
WOW64:		Yes
Working dir:	C:\Users\NEC\Documents\NetBeansProjects\ProductCRUD\dist\.
Requires JDK:	No
Requires 64-Bit: No
Java min ver:	1.004.000
Java max ver:	
Substitute:	JAVA_HOME = C:\Program Files\Java\jdk-23\bin
Substitute:	PATH = C:\Program Files\Common Files\Oracle\Java\javapath;C:\Windows\system32;C:\Windows;C:\Windows\System32\Wbem;C:\Windows\System32\WindowsPowerShell\v1.0\;C:\Windows\System32\OpenSSH\;C:\Program Files\Java\jdk-23\bin;C:\xampp\php;C:\Program Files\Git\cmd;C:\Users\NEC\AppData\Local\Microsoft\WindowsApps;C:\Users\NEC\AppData\Local\Programs\Microsoft VS Code\bin;C:\Program Files\Java\jdk-23\bin
JRE paths:	C:\Program Files\Java\jdk-23\bin;C:\Program Files\Common Files\Oracle\Java\javapath;C:\Windows\system32;C:\Windows;C:\Windows\System32\Wbem;C:\Windows\System32\WindowsPowerShell\v1.0\;C:\Windows\System32\OpenSSH\;C:\Program Files\Java\jdk-23\bin;C:\xampp\php;C:\Program Files\Git\cmd;C:\Users\NEC\AppData\Local\Microsoft\WindowsApps;C:\Users\NEC\AppData\Local\Programs\Microsoft VS Code\bin;C:\Program Files\Java\jdk-23\bin
Check launcher:	C:\Program Files\Java\jdk-23\bin\javaw.exe (OK)
Version string: 1.023.000_001 / 64-Bit (OK)
Launcher:	C:\Program Files\Java\jdk-23\bin\javaw.exe
Launcher args:	-jar "C:\Users\NEC\Documents\NetBeansProjects\ProductCRUD\dist\INFORMATION SYSTEM.exe"
Args length:	86/32768 chars
Exit code:	0
